app/build/intermediates/manifest_merge_blame_file/release/manifest-merger-blame-release-report.txt
1<?xml version="1.0" encoding="utf-8"?>
2<!--
3  ~ Copyright (C) 2021 The Android Open Source Project.
4  ~
5  ~ Licensed under the Apache License, Version 2.0 (the "License");
6  ~ you may not use this file except in compliance with the License.
7  ~ You may obtain a copy of the License at
8  ~
9  ~     http://www.apache.org/licenses/LICENSE-2.0
10  ~
11  ~ Unless required by applicable law or agreed to in writing, software
12  ~ distributed under the License is distributed on an "AS IS" BASIS,
13  ~ WITHOUT WARRANTIES OR CONDITIONS OF ANY KIND, either express or implied.
14  ~ See the License for the specific language governing permissions and
15  ~ limitations under the License.
16-->
17<manifest xmlns:android="http://schemas.android.com/apk/res/android"
18    package="com.example.dogglers"
19    android:versionCode="1"
20    android:versionName="1.0" >
21
22    <uses-sdk
23        android:minSdkVersion="21"
23-->src\main\AndroidManifest.xml
24        android:targetSdkVersion="32" />
24-->src\main\AndroidManifest.xml
25
26    <application
26-->src\main\AndroidManifest.xml:20:5-50:19
27        android:allowBackup="true"
27-->src\main\AndroidManifest.xml:21:9-35
28        android:appComponentFactory="androidx.core.app.CoreComponentFactory"
28-->[androidx.core:core:1.7.0] AndroidManifest.xml:24:18-86
29        android:icon="@mipmap/ic_launcher"
29-->src\main\AndroidManifest.xml:22:9-43
30        android:label="@string/app_name"
30-->src\main\AndroidManifest.xml:23:9-41
31        android:roundIcon="@mipmap/ic_launcher_round"
31-->src\main\AndroidManifest.xml:24:9-54
32        android:supportsRtl="true"
32-->src\main\AndroidManifest.xml:25:9-35
33        android:theme="@style/Theme.Dogglers" >
33-->src\main\AndroidManifest.xml:26:9-46
34        <activity android:name="com.example.dogglers.VerticalListActivity" >
34-->src\main\AndroidManifest.xml:27:9-31:20
34-->src\main\AndroidManifest.xml:27:19-55
35            <meta-data
35-->src\main\AndroidManifest.xml:28:13-30:49
36                android:name="android.support.PARENT_ACTIVITY"
36-->src\main\AndroidManifest.xml:29:17-63
37                android:value=".MainActivity" />
37-->src\main\AndroidManifest.xml:30:17-46
38        </activity>
39        <activity android:name="com.example.dogglers.HorizontalListActivity" >
39-->src\main\AndroidManifest.xml:32:9-36:20
39-->src\main\AndroidManifest.xml:32:19-57
40            <meta-data
40-->src\main\AndroidManifest.xml:28:13-30:49
41                android:name="android.support.PARENT_ACTIVITY"
41-->src\main\AndroidManifest.xml:29:17-63
42                android:value=".MainActivity" />
42-->src\main\AndroidManifest.xml:30:17-46
43        </activity>
44        <activity android:name="com.example.dogglers.GridListActivity" >
44-->src\main\AndroidManifest.xml:37:9-41:20
44-->src\main\AndroidManifest.xml:37:19-51
45            <meta-data
45-->src\main\AndroidManifest.xml:28:13-30:49
46                android:name="android.support.PARENT_ACTIVITY"
46-->src\main\AndroidManifest.xml:29:17-63
47                android:value=".MainActivity" />
47-->src\main\AndroidManifest.xml:30:17-46
48        </activity>
49        <activity
49-->src\main\AndroidManifest.xml:42:9-49:20
50            android:name="com.example.dogglers.MainActivity"
50-->src\main\AndroidManifest.xml:42:19-47
51            android:exported="true" >
51-->src\main\AndroidManifest.xml:43:13-36
52            <intent-filter>
52-->src\main\AndroidManifest.xml:44:13-48:29
53                <action android:name="android.intent.action.MAIN" />
53-->src\main\AndroidManifest.xml:45:17-69
53-->src\main\AndroidManifest.xml:45:25-66
54
55                <category android:name="android.intent.category.LAUNCHER" />
55-->src\main\AndroidManifest.xml:47:17-77
55-->src\main\AndroidManifest.xml:47:27-74
56            </intent-filter>
57        </activity>
58
59        <provider
59-->[androidx.emoji2:emoji2:1.0.0] AndroidManifest.xml:26:9-34:20
60            android:name="androidx.startup.InitializationProvider"
60-->[androidx.emoji2:emoji2:1.0.0] AndroidManifest.xml:27:13-67
61            android:authorities="com.example.dogglers.androidx-startup"
61-->[androidx.emoji2:emoji2:1.0.0] AndroidManifest.xml:28:13-68
62            android:exported="false" >
62-->[androidx.emoji2:emoji2:1.0.0] AndroidManifest.xml:29:13-37
63            <meta-data
63-->[androidx.emoji2:emoji2:1.0.0] AndroidManifest.xml:31:13-33:52
64                android:name="androidx.emoji2.text.EmojiCompatInitializer"
64-->[androidx.emoji2:emoji2:1.0.0] AndroidManifest.xml:32:17-75
65                android:value="androidx.startup" />
65-->[androidx.emoji2:emoji2:1.0.0] AndroidManifest.xml:33:17-49
66            <meta-data
66-->[androidx.lifecycle:lifecycle-process:2.4.0] AndroidManifest.xml:31:13-33:52
67                android:name="androidx.lifecycle.ProcessLifecycleInitializer"
67-->[androidx.lifecycle:lifecycle-process:2.4.0] AndroidManifest.xml:32:17-78
68                android:value="androidx.startup" />
68-->[androidx.lifecycle:lifecycle-process:2.4.0] AndroidManifest.xml:33:17-49
69        </provider>
70    </application>
71
72</manifest>